卷 dodong_2 的文件夹 PATH 列表
卷序列号为 547F-7D5D
I:\STUDY\LANGUAGE\深度学习\TENSORFLOW
│  Deep+Learning+with+Python+2017.pdf
│  Learning+TensorFlow.+A+Guide+to+building+Deep+Learning+Systems-O’Reilly+%282017%29.pdf
│  Packt TensorFlow Machine Learning Cookbook.pdf
│  TensorFlow实战_黄文坚（完整）[aibbt.com].pdf
│  TensorFlow技术解析与实战[2017].pdf
│  TensorFlow深度学习原理与TensorFlow实践[aibbt.com].pdf
│  TensorFlow白话深度学习与TensorFlow.高扬%28详细书签%29%5Baibbt.com%5D.pdf
│  《21个项目玩转深度学习：基于Tensorflow的实践详解》高清完整版.pdf
│  与TensorFlow第一次接触.pdf
│  大数据架构详解：从数据获取到深度学习@www.java1234.com.pdf
│  斯坦福大学-深度学习基础教程.pdf
│  机器学习算法原理与编程实践_郑捷著_电子工业出版社.pdf
│  深入浅出深度学习：原理剖析与python实践_黄安埠(著).pdf
│  深度学习+21天实战Caffe+547458.pdf
│  深度学习---Caffe之经典模型详解与实战%28乐毅，王斌%29.pdf
│  深度学习、优化与识别.pdf
│  深度学习与计算机视觉  算法原理、框架应用与代码实现.pdf
│  深度学习：原理与应用实践.张重生%28详细书签%29.pdf
│  神经网络与机器学习（加）Simon+Haykin.pdf
│  神经网络与深度学习中文版.pdf
│  神经网络原理(S.Haykin).pdf
│  网址.txt
│  艾伯特神经网络与机器学习%28原书第3版%29%5Baibbt.com%5D.pdf
│  解析卷积神经网络--深度学习实践手册.pdf
│  解析深度学习+语音识别实践.pdf
│  面向机器智能的TensorFlow实践+%28智能系统与技术丛书%29_.pdf
│  
├─TensorFlow 实战Google深度学习框架
│      TensorFlow 实战Google深度学习框架 第2版 ,郑泽宇.pdf
│      Tensorflow 实战Google深度学习框架（完整版pdf)[aibbt.com].pdf
│      tensorflow-tutorial-master.zip
│      
└─深度学习
        deeplearningbook-chinese-0.5-beta.zip
        dlbook_cn_v0.5-beta.pdf
        
